#
# An unexpected error has been detected by Java Runtime Environment:
#
#  Internal Error (os_windows_x86.cpp:117), pid=3488, tid=3256
#  Error: guarantee(result == -1,"Unexpected result from topLevelExceptionFilter")
#
# Java VM: Java HotSpot(TM) 64-Bit Server VM (11.2-b01 mixed mode windows-amd64)
# If you would like to submit a bug report, please visit:
#   http://java.sun.com/webapps/bugreport/crash.jsp
# The crash happened outside the Java Virtual Machine in native code.
# See problematic frame for where to report the bug.
#

---------------  T H R E A D  ---------------

Current thread (0x000000000153fc00):  JavaThread "main" [_thread_in_native, id=3256, stack(0x0000000000030000,0x0000000001030000)]

Stack: [0x0000000000030000,0x0000000001030000]
[error occurred during error reporting (printing stack bounds), id 0xc0000005]


[error occurred during error reporting (printing native stack), id 0xc0000005]

Java frames: (J=compiled Java code, j=interpreted, Vv=VM code)
J  com.mathworks.jmi.NativeMatlab.PostMatlabMessage(Ljava/lang/Object;J)V
J  com.mathworks.jmi.MatlabErrStream.flush()V
J  sun.nio.cs.StreamEncoder.writeBytes()V
J  java.io.PrintStream.newLine()V
j  java.io.PrintStream.println(Ljava/lang/Object;)V+15
j  java.lang.Throwable.printStackTrace(Ljava/io/PrintStream;)V+6
j  java.lang.Throwable.printStackTrace()V+4
v  ~StubRoutines::call_stub

---------------  P R O C E S S  ---------------

Java Threads: ( => current thread )
  0x000000002b7bdc00 JavaThread "AWT-EventQueue-0" [_thread_blocked, id=4836, stack(0x0000000008830000,0x00000000088b0000)]
  0x000000002bb1cc00 JavaThread "Thread-833" [_thread_blocked, id=3028, stack(0x000000002cde0000,0x000000002ce60000)]
  0x000000002bb1c400 JavaThread "Thread-832" [_thread_blocked, id=2608, stack(0x0000000015e90000,0x0000000015f10000)]
  0x000000002bb1c000 JavaThread "Thread-831" [_thread_blocked, id=4560, stack(0x000000002cd50000,0x000000002cdd0000)]
  0x000000002b7bc400 JavaThread "Thread-830" [_thread_blocked, id=3668, stack(0x0000000030100000,0x0000000030180000)]
  0x000000002b7bd400 JavaThread "Thread-766" [_thread_blocked, id=3384, stack(0x000000002ccd0000,0x000000002cd50000)]
  0x000000002b7ba800 JavaThread "Thread-758" [_thread_blocked, id=4236, stack(0x0000000008ed0000,0x0000000008f50000)]
  0x000000002bb1dc00 JavaThread "Thread-747" [_thread_blocked, id=4120, stack(0x0000000008dd0000,0x0000000008e50000)]
  0x000000002bb1e800 JavaThread "Thread-743" [_thread_blocked, id=2900, stack(0x0000000008bb0000,0x0000000008c30000)]
  0x000000002bb1f800 JavaThread "Thread-740" [_thread_blocked, id=4136, stack(0x0000000008af0000,0x0000000008b70000)]
  0x000000002b7bbc00 JavaThread "pool-2-thread-1" [_thread_blocked, id=3416, stack(0x0000000008e50000,0x0000000008ed0000)]
  0x000000002b7bb000 JavaThread "Foxtrot Single Worker Thread #1" daemon [_thread_blocked, id=4024, stack(0x0000000008f50000,0x0000000008fd0000)]
  0x000000002bb1d400 JavaThread "Prefs Updater" daemon [_thread_blocked, id=1520, stack(0x000000002c820000,0x000000002c8a0000)]
  0x000000002bdfbc00 JavaThread "Active Reference Queue Daemon" daemon [_thread_blocked, id=1548, stack(0x000000002cc30000,0x000000002ccb0000)]
  0x000000002c1df800 JavaThread "Timer-2" daemon [_thread_blocked, id=3456, stack(0x000000002cbb0000,0x000000002cc30000)]
  0x000000002c128800 JavaThread "FelixPackageAdmin" daemon [_thread_blocked, id=1668, stack(0x000000002cb30000,0x000000002cbb0000)]
  0x000000002c128400 JavaThread "FelixStartLevel" daemon [_thread_blocked, id=2932, stack(0x000000002cab0000,0x000000002cb30000)]
  0x000000002c1c2c00 JavaThread "FelixDispatchQueue" [_thread_blocked, id=1884, stack(0x000000002ca30000,0x000000002cab0000)]
  0x000000000c6ee000 JavaThread "Timer-1" daemon [_thread_blocked, id=3780, stack(0x000000002c940000,0x000000002c9c0000)]
  0x000000000c668000 JavaThread "TimerQueue" daemon [_thread_blocked, id=2184, stack(0x000000002c790000,0x000000002c810000)]
  0x000000000d0a7c00 JavaThread "AWT-Shutdown" [_thread_blocked, id=3480, stack(0x0000000015d90000,0x0000000015e10000)]
  0x000000000d020000 JavaThread "AWT-Windows" daemon [_thread_in_native, id=2424, stack(0x0000000015e10000,0x0000000015e90000)]
  0x000000000d01f400 JavaThread "Java2D Disposer" daemon [_thread_blocked, id=3788, stack(0x0000000008430000,0x00000000084b0000)]
  0x000000000c8d7400 JavaThread "Timer-0" [_thread_blocked, id=3540, stack(0x00000000083b0000,0x0000000008430000)]
  0x000000000c78b800 JavaThread "JMI Unnamed Thread" [_thread_in_native, id=1868, stack(0x0000000005ac0000,0x0000000006ac0000)]
  0x000000000c5cac00 JavaThread "Low Memory Detector" daemon [_thread_blocked, id=2852, stack(0x0000000008330000,0x00000000083b0000)]
  0x000000000c5c5800 JavaThread "CompilerThread1" daemon [_thread_blocked, id=3160, stack(0x0000000014d90000,0x0000000015d90000)]
  0x000000000c5c3400 JavaThread "CompilerThread0" daemon [_thread_blocked, id=2712, stack(0x0000000013d90000,0x0000000014d90000)]
  0x000000000163fc00 JavaThread "Attach Listener" daemon [_thread_blocked, id=1904, stack(0x00000000081d0000,0x0000000008250000)]
  0x000000000c5b3800 JavaThread "Finalizer" daemon [_thread_blocked, id=3932, stack(0x0000000008150000,0x00000000081d0000)]
  0x000000000c5b2800 JavaThread "Reference Handler" daemon [_thread_blocked, id=2152, stack(0x0000000007fe0000,0x0000000008060000)]
=>0x000000000153fc00 JavaThread "main" [_thread_in_native, id=3256, stack(0x0000000000030000,0x0000000001030000)]

Other Threads:
  0x000000000c5b1000 VMThread [stack: 0x0000000012d90000,0x0000000013d90000] [id=3600]
  0x000000000c5d6400 WatcherThread [stack: 0x000000002a4c0000,0x000000002b4c0000] [id=3960]

VM state:not at safepoint (normal execution)

VM Mutex/Monitor currently owned by a thread: None

Heap
 PSYoungGen      total 34240K, used 18304K [0x00000000273c0000, 0x000000002a4c0000, 0x000000002a4c0000)
  eden space 18304K, 100% used [0x00000000273c0000,0x00000000285a0000,0x00000000285a0000)
  from space 15936K, 0% used [0x00000000285a0000,0x00000000285a0000,0x0000000029530000)
  to   space 15936K, 0% used [0x0000000029530000,0x0000000029530000,0x000000002a4c0000)
 PSOldGen        total 150528K, used 150528K [0x000000001e0c0000, 0x00000000273c0000, 0x00000000273c0000)
  object space 150528K, 100% used [0x000000001e0c0000,0x00000000273c0000,0x00000000273c0000)
 PSPermGen       total 54784K, used 54477K [0x00000000160c0000, 0x0000000019640000, 0x000000001e0c0000)
  object space 54784K, 99% used [0x00000000160c0000,0x00000000195f3440,0x0000000019640000)

Dynamic libraries:
0x0000000140000000 - 0x0000000140038000 	C:\Program Files\MATLAB\R2009b\bin\win64\MATLAB.exe
0x00000000774a0000 - 0x000000007764c000 	C:\windows\SYSTEM32\ntdll.dll
0x0000000077380000 - 0x000000007749f000 	C:\windows\system32\kernel32.dll
0x000007fefd4b0000 - 0x000007fefd51c000 	C:\windows\system32\KERNELBASE.dll
0x000000007cdb0000 - 0x000000007ceb9000 	C:\Program Files\MATLAB\R2009b\bin\win64\libut.dll
0x000007fefef50000 - 0x000007fefef69000 	C:\windows\system32\imagehlp.dll
0x000007fefeff0000 - 0x000007feff08f000 	C:\windows\system32\msvcrt.dll
0x000007feff460000 - 0x000007feff53b000 	C:\windows\system32\ADVAPI32.dll
0x000007feff310000 - 0x000007feff32f000 	C:\windows\SYSTEM32\sechost.dll
0x000007fefed70000 - 0x000007fefee9e000 	C:\windows\system32\RPCRT4.dll
0x0000000077660000 - 0x0000000077667000 	C:\windows\system32\PSAPI.DLL
0x000000007d620000 - 0x000000007d648000 	C:\Program Files\MATLAB\R2009b\bin\win64\LIBEXPAT.dll
0x0000000074bd0000 - 0x0000000074c99000 	C:\windows\WinSxS\amd64_microsoft.vc80.crt_1fc8b3b9a1e18e3b_8.0.50727.4927_none_88dce9872fb18caf\MSVCR80.dll
0x000000007d320000 - 0x000000007d44c000 	C:\Program Files\MATLAB\R2009b\bin\win64\icuuc40.dll
0x000000007c760000 - 0x000000007c763000 	C:\Program Files\MATLAB\R2009b\bin\win64\icudt40.dll
0x000000007c770000 - 0x000000007c780000 	C:\Program Files\MATLAB\R2009b\bin\win64\icuio40.dll
0x000000007ca60000 - 0x000000007cbb3000 	C:\Program Files\MATLAB\R2009b\bin\win64\icuin40.dll
0x0000000073be0000 - 0x0000000073ce9000 	C:\windows\WinSxS\amd64_microsoft.vc80.crt_1fc8b3b9a1e18e3b_8.0.50727.4927_none_88dce9872fb18caf\MSVCP80.dll
0x0000000077280000 - 0x000000007737a000 	C:\windows\system32\USER32.dll
0x000007fefd960000 - 0x000007fefd9c7000 	C:\windows\system32\GDI32.dll
0x000007fefef40000 - 0x000007fefef4e000 	C:\windows\system32\LPK.dll
0x000007fefd9d0000 - 0x000007fefda9a000 	C:\windows\system32\USP10.dll
0x0000000078820000 - 0x0000000078890000 	C:\Program Files\MATLAB\R2009b\bin\win64\libmwfl.dll
0x000000007e820000 - 0x000000007e82f000 	C:\Program Files\MATLAB\R2009b\bin\win64\boost_date_time-vc80-mt-1_36.dll
0x000000007e800000 - 0x000000007e816000 	C:\Program Files\MATLAB\R2009b\bin\win64\boost_signals-vc80-mt-1_36.dll
0x000000007dae0000 - 0x000000007dae9000 	C:\Program Files\MATLAB\R2009b\bin\win64\boost_system-vc80-mt-1_36.dll
0x000000007c740000 - 0x000000007c751000 	C:\Program Files\MATLAB\R2009b\bin\win64\boost_thread-vc80-mt-1_36.dll
0x000000007cf70000 - 0x000000007d1e1000 	C:\Program Files\MATLAB\R2009b\bin\win64\libmwservices.dll
0x000000007cec0000 - 0x000000007cf6f000 	C:\Program Files\MATLAB\R2009b\bin\win64\libmx.dll
0x0000000079070000 - 0x0000000079087000 	C:\Program Files\MATLAB\R2009b\bin\win64\zlib1.dll
0x000000007d1f0000 - 0x000000007d318000 	C:\Program Files\MATLAB\R2009b\bin\win64\libmwmathutil.dll
0x000000007a660000 - 0x000000007a6b8000 	C:\Program Files\MATLAB\R2009b\bin\win64\mpath.dll
0x000000007d650000 - 0x000000007d6a1000 	C:\Program Files\MATLAB\R2009b\bin\win64\mlutil.dll
0x00000000787b0000 - 0x00000000787ee000 	C:\Program Files\MATLAB\R2009b\bin\win64\tbb.dll
0x000007fefa900000 - 0x000007fefa9a0000 	C:\windows\WinSxS\amd64_microsoft.windows.common-controls_6595b64144ccf1df_5.82.7600.16661_none_a44e1fc257f685f6\COMCTL32.dll
0x000007fefeea0000 - 0x000007fefef38000 	C:\windows\system32\comdlg32.dll
0x000007fefecf0000 - 0x000007fefed61000 	C:\windows\system32\SHLWAPI.dll
0x000007fefdd00000 - 0x000007fefea87000 	C:\windows\system32\SHELL32.dll
0x000007fefb2c0000 - 0x000007fefb2d6000 	C:\windows\system32\NETAPI32.dll
0x000007fefc910000 - 0x000007fefc91c000 	C:\windows\system32\netutils.dll
0x000007fefcde0000 - 0x000007fefce03000 	C:\windows\system32\srvcli.dll
0x000007fefb2a0000 - 0x000007fefb2b5000 	C:\windows\system32\wkscli.dll
0x000007fefefa0000 - 0x000007fefefed000 	C:\windows\system32\WS2_32.dll
0x000007feff750000 - 0x000007feff758000 	C:\windows\system32\NSI.dll
0x000000007eaa0000 - 0x000000007eabd000 	C:\Program Files\MATLAB\R2009b\bin\win64\boost_filesystem-vc80-mt-1_36.dll
0x000000007acf0000 - 0x000000007ad87000 	C:\Program Files\MATLAB\R2009b\bin\win64\mcr.dll
0x000000007c780000 - 0x000000007c80c000 	C:\Program Files\MATLAB\R2009b\bin\win64\iqm.dll
0x000000007b440000 - 0x000000007bd40000 	C:\Program Files\MATLAB\R2009b\bin\win64\m_interpreter.dll
0x000000007c830000 - 0x000000007c840000 	C:\Program Files\MATLAB\R2009b\bin\win64\libmex.dll
0x000000007ab60000 - 0x000000007ac0b000 	C:\Program Files\MATLAB\R2009b\bin\win64\m_dispatcher.dll
0x000000007e720000 - 0x000000007e7ac000 	C:\Program Files\MATLAB\R2009b\bin\win64\xmlcore.dll
0x000000007a020000 - 0x000000007a2b5000 	C:\Program Files\MATLAB\R2009b\bin\win64\xerces-c_2_7.dll
0x000000007e980000 - 0x000000007ea71000 	C:\Program Files\MATLAB\R2009b\bin\win64\boost_regex-vc80-mt-1_36.dll
0x000000007aa00000 - 0x000000007aa91000 	C:\Program Files\MATLAB\R2009b\bin\win64\profiler.dll
0x000000007c8b0000 - 0x000000007c8da000 	C:\Program Files\MATLAB\R2009b\bin\win64\libmwmathrng.dll
0x0000000078fd0000 - 0x0000000078fea000 	C:\Program Files\MATLAB\R2009b\bin\win64\m_pcodeio.dll
0x000000007a610000 - 0x000000007a65d000 	C:\Program Files\MATLAB\R2009b\bin\win64\m_ir.dll
0x000000007ae40000 - 0x000000007b433000 	C:\Program Files\MATLAB\R2009b\bin\win64\m_parser.dll
0x000000007c810000 - 0x000000007c824000 	C:\Program Files\MATLAB\R2009b\bin\win64\ir_xfmr.dll
0x0000000078890000 - 0x0000000078b39000 	C:\Program Files\MATLAB\R2009b\bin\win64\mcos.dll
0x000000007c8f0000 - 0x000000007c8fc000 	C:\Program Files\MATLAB\R2009b\bin\win64\mtok.dll
0x0000000078fb0000 - 0x0000000078fd0000 	C:\Program Files\MATLAB\R2009b\bin\win64\m_pcodegen.dll
0x000007fefa9e0000 - 0x000007fefab05000 	C:\windows\system32\dbghelp.dll
0x0000000078ec0000 - 0x0000000078ee4000 	C:\Program Files\MATLAB\R2009b\bin\win64\bridge.dll
0x000000007c3d0000 - 0x000000007c490000 	C:\Program Files\MATLAB\R2009b\bin\win64\udd.dll
0x000000007d450000 - 0x000000007d59d000 	C:\Program Files\MATLAB\R2009b\bin\win64\libmwgui.dll
0x00000000790e0000 - 0x000000007980b000 	C:\Program Files\MATLAB\R2009b\bin\win64\hg.dll
0x0000000078ef0000 - 0x0000000078f2c000 	C:\Program Files\MATLAB\R2009b\bin\win64\libmat.dll
0x000000007cbc0000 - 0x000000007cdae000 	C:\Program Files\MATLAB\R2009b\bin\win64\libhdf5.dll
0x000000007a550000 - 0x000000007a5af000 	C:\Program Files\MATLAB\R2009b\bin\win64\jmi.dll
0x000000007a490000 - 0x000000007a4d0000 	C:\Program Files\MATLAB\R2009b\bin\win64\libmwhardcopy.dll
0x000000007a5b0000 - 0x000000007a60a000 	C:\Program Files\MATLAB\R2009b\bin\win64\libuij.dll
0x0000000078680000 - 0x00000000787ab000 	C:\Program Files\MATLAB\R2009b\bin\win64\hgdatatypes.dll
0x0000000078630000 - 0x000000007867b000 	C:\Program Files\MATLAB\R2009b\bin\win64\hgutils.dll
0x0000000078f30000 - 0x0000000078fa5000 	C:\Program Files\MATLAB\R2009b\bin\win64\libmwlapack.dll
0x000000007c850000 - 0x000000007c863000 	C:\Program Files\MATLAB\R2009b\bin\win64\libmwbinder.dll
0x000000007c490000 - 0x000000007c73e000 	C:\Program Files\MATLAB\R2009b\bin\win64\uiw.dll
0x000000007c930000 - 0x000000007c93a000 	C:\Program Files\MATLAB\R2009b\bin\win64\uinone.dll
0x0000000073070000 - 0x000000007320c000 	C:\windows\WinSxS\amd64_microsoft.vc80.mfc_1fc8b3b9a1e18e3b_8.0.50727.4053_none_8444db7d32915e4c\MFC80.DLL
0x000007fef6ef0000 - 0x000007fef6f60000 	C:\windows\system32\WINSPOOL.DRV
0x000007feff540000 - 0x000007feff742000 	C:\windows\system32\ole32.dll
0x000007fefdaa0000 - 0x000007fefdb77000 	C:\windows\system32\OLEAUT32.dll
0x000000007ad90000 - 0x000000007ae3f000 	C:\Program Files\MATLAB\R2009b\bin\win64\udd_mi.dll
0x0000000078ff0000 - 0x0000000079008000 	C:\Program Files\MATLAB\R2009b\bin\win64\mwoles05.DLL
0x000000007a990000 - 0x000000007a9fa000 	C:\Program Files\MATLAB\R2009b\bin\win64\comcli.dll
0x0000000074d50000 - 0x0000000074d70000 	C:\windows\WinSxS\amd64_microsoft.vc80.atl_1fc8b3b9a1e18e3b_8.0.50727.4053_none_8a1a02152edb659b\ATL80.DLL
0x000000007c8e0000 - 0x000000007c8ee000 	C:\Program Files\MATLAB\R2009b\bin\win64\mlautoregister.dll
0x000007fefef70000 - 0x000007fefef9e000 	C:\windows\system32\IMM32.DLL
0x000007fefd850000 - 0x000007fefd959000 	C:\windows\system32\MSCTF.dll
0x0000000074d80000 - 0x0000000074d8d000 	C:\windows\WinSxS\amd64_microsoft.vc80.mfcloc_1fc8b3b9a1e18e3b_8.0.50727.4053_none_bc1d1e5b0be08790\MFC80ENU.DLL
0x000007fefbfe0000 - 0x000007fefc036000 	C:\windows\system32\uxtheme.dll
0x000007fefd400000 - 0x000007fefd40f000 	C:\windows\system32\profapi.dll
0x000007fefa210000 - 0x000007fefa237000 	C:\windows\system32\iphlpapi.dll
0x000007fefa200000 - 0x000007fefa20b000 	C:\windows\system32\WINNSI.DLL
0x000007fefca00000 - 0x000007fefca5b000 	C:\windows\system32\DNSAPI.dll
0x000007fefa0c0000 - 0x000007fefa0d1000 	C:\windows\system32\dhcpcsvc6.DLL
0x000007fefa0a0000 - 0x000007fefa0b8000 	C:\windows\system32\dhcpcsvc.DLL
0x0000000074d70000 - 0x0000000074d73000 	C:\windows\system32\icmp.Dll
0x000007fefadc0000 - 0x000007fefadd5000 	C:\windows\system32\NLAapi.dll
0x000007fefcb80000 - 0x000007fefcbd4000 	C:\windows\System32\mswsock.dll
0x000007fef92f0000 - 0x000007fef92fb000 	C:\windows\System32\winrnr.dll
0x000007fef92d0000 - 0x000007fef92e5000 	C:\windows\system32\napinsp.dll
0x000007fef92b0000 - 0x000007fef92c9000 	C:\windows\system32\pnrpnsp.dll
0x00000000750d0000 - 0x00000000750fe000 	C:\Program Files\Common Files\Microsoft Shared\Windows Live\WLIDNSP.DLL
0x0000000016080000 - 0x00000000160b5000 	C:\Program Files\Bonjour\mdnsNSP.dll
0x000007fefd0e0000 - 0x000007fefd105000 	C:\windows\system32\SspiCli.dll
0x000007fef9fa0000 - 0x000007fef9ff3000 	C:\windows\System32\fwpuclnt.dll
0x000007fef93d0000 - 0x000007fef93d8000 	C:\windows\system32\rasadhlp.dll
0x000007fefc630000 - 0x000007fefc637000 	C:\windows\System32\wshtcpip.dll
0x000007fefd2f0000 - 0x000007fefd2ff000 	C:\windows\system32\CRYPTBASE.dll
0x000007fefb820000 - 0x000007fefb838000 	C:\windows\system32\dwmapi.dll
0x000000006d7f0000 - 0x000000006dda8000 	C:\Program Files\MATLAB\R2009b\sys\java\jre\win64\jre\bin\server\jvm.dll
0x000007fefaf20000 - 0x000007fefaf5b000 	C:\windows\system32\WINMM.dll
0x000007feff270000 - 0x000007feff309000 	C:\windows\system32\CLBCatQ.DLL
0x000000007ab10000 - 0x000000007ab1a000 	C:\Program Files\MATLAB\R2009b\sys\java\jre\win64\jre\bin\hpi.dll
0x000000007ab30000 - 0x000000007ab3e000 	C:\Program Files\MATLAB\R2009b\sys\java\jre\win64\jre\bin\verify.dll
0x0000000079090000 - 0x00000000790b7000 	C:\Program Files\MATLAB\R2009b\sys\java\jre\win64\jre\bin\java.dll
0x000000007ab40000 - 0x000000007ab52000 	C:\Program Files\MATLAB\R2009b\sys\java\jre\win64\jre\bin\zip.dll
0x0000000079010000 - 0x0000000079032000 	C:\Program Files\MATLAB\R2009b\bin\win64\nativejava.dll
0x0000000079040000 - 0x000000007906b000 	C:\Program Files\MATLAB\R2009b\bin\win64\nativejmi.dll
0x000000007c920000 - 0x000000007c927000 	C:\Program Files\MATLAB\R2009b\bin\win64\nativeservices.dll
0x000000007a2c0000 - 0x000000007a482000 	C:\Program Files\MATLAB\R2009b\sys\java\jre\win64\jre\bin\awt.dll
0x000000007ac10000 - 0x000000007ac7b000 	C:\Program Files\MATLAB\R2009b\sys\java\jre\win64\jre\bin\fontmanager.dll
0x00000000790c0000 - 0x00000000790d7000 	C:\Program Files\MATLAB\R2009b\sys\java\jre\win64\jre\bin\net.dll
0x000007fefcb70000 - 0x000007fefcb77000 	C:\windows\System32\wship6.dll
0x000000007ab20000 - 0x000000007ab2b000 	C:\Program Files\MATLAB\R2009b\sys\java\jre\win64\jre\bin\nio.dll
0x000007fefcbe0000 - 0x000007fefcbf7000 	C:\windows\system32\CRYPTSP.dll
0x000007fefc970000 - 0x000007fefc9b7000 	C:\windows\system32\rsaenh.dll

VM Arguments:
jvm_args: -Xss512k -XX:PermSize=32m -Xms64m -XX:NewRatio=3 -XX:MaxPermSize=128m -Xmx196m -XX:MaxDirectMemorySize=2147400000 -Dsun.java2d.noddraw=true -Dsun.awt.nopixfmt=true -Xshare:off -Xrs -Djava.library.path=C:\Program Files\MATLAB\R2009b\bin\win64 vfprintf abort 
java_command: <unknown>
Launcher Type: generic

Environment Variables:
CLASSPATH=.;C:\Program Files (x86)\QuickTime\QTSystem\QTJava.zip
PATH=C:\Program Files\Common Files\Microsoft Shared\Windows Live;C:\windows\system32;C:\windows;C:\windows\System32\Wbem;C:\windows\System32\WindowsPowerShell\v1.0\;C:\Program Files (x86)\Common Files\DivX Shared\;C:\Program Files\MATLAB\R2009b\runtime\win64;C:\Program Files\MATLAB\R2009b\bin;C:\Program Files (x86)\QuickTime\QTSystem\
USERNAME=yc41
OS=Windows_NT
PROCESSOR_IDENTIFIER=Intel64 Family 6 Model 23 Stepping 10, GenuineIntel



---------------  S Y S T E M  ---------------

OS: Windows NT 6.1 Build 7600 

CPU:total 2 (2 cores per cpu, 1 threads per core) family 6 model 7 stepping 10, cmov, cx8, fxsr, mmx, sse, sse2, sse3, ssse3

Memory: 4k page, physical 4060768k(1495480k free), swap 8119636k(5738600k free)

vm_info: Java HotSpot(TM) 64-Bit Server VM (11.2-b01) for windows-amd64 JRE (1.6.0_12-b04), built on Jan 17 2009 01:49:05 by "java_re" with MS VC++ 8.0

time: Wed Sep 12 10:54:47 2012
elapsed time: 54062 seconds

